[Versions]
Key name: VersioningTestObjectFile - コピー (11).txt
Version Id: 001695619854917881538-neLjAZ4bNo
Last Modified: 2023-09-25 05:30:55+00:00
Latest version: True
--------
Key name: VersioningTestObjectFile - コピー (11).txt
Version Id: 001694679263696246383-SHr_Mq8GPO
Last Modified: 2023-09-14 08:14:24+00:00
Latest version: False
--------
Key name: VersioningTestObjectFile - コピー (11).txt
Version Id: 001694679259703821438-MAI08naRHP
Last Modified: 2023-09-14 08:14:20+00:00
Latest version: False
--------
Key name: VersioningTestObjectFile - コピー (11).txt
Version Id: 001694679255514296091--efu_wlfAl
Last Modified: 2023-09-14 08:14:16+00:00
Latest version: False
--------
Key name: VersioningTestObjectFile - コピー (11).txt
Version Id: 001694679251298878879-CvV4l3Op1b
Last Modified: 2023-09-14 08:14:11+00:00
Latest version: False
--------
Key name: VersioningTestObjectFile - コピー (11).txt
Version Id: 001694679247028571499-Qd3J3V_vFO
Last Modified: 2023-09-14 08:14:07+00:00
Latest version: False
--------
Key name: VersioningTestObjectFile - コピー (11).txt
Version Id: 001694679174764032639-tZeI21Cgmd
Last Modified: 2023-09-14 08:12:55+00:00
Latest version: False
--------
Key name: VersioningTestObjectFile - コピー (11).txt
Version Id: 001694675336849909384-TpF6rEWfqr
Last Modified: 2023-09-14 07:08:57+00:00
Latest version: False
--------
Key name: VersioningTestObjectFile.txt
Version Id: 001695256564781836862-z3hvr19ezu
Last Modified: 2023-09-21 00:36:05+00:00
Latest version: False
--------
Key name: VersioningTestObjectFile2.txt
Version Id: 001695266729413309561-vJMyXpanlI
Last Modified: 2023-09-21 03:25:29+00:00
Latest version: False
--------
[DeleteMarkers]
Key name: VersioningTestObjectFile - コピー (11).txt
Version Id: 001694832751292410972-jjsuprefzU
Last Modified: 2023-09-16 02:52:31+00:00
Latest version: False
*****************************
Key name: VersioningTestObjectFile.txt
Version Id: 001695443665138751741-r-3m2Y1RWI
Last Modified: 2023-09-23 04:34:25+00:00
Latest version: True
*****************************
Key name: VersioningTestObjectFile2.txt
Version Id: 001695443665142166830-oV6kwNOzSI
Last Modified: 2023-09-23 04:34:25+00:00
Latest version: True
*****************************
End of the execution.
