[Versions]
Key name: VersioningTestObjectFile - コピー (11).txt
Version Id: 001695619854917881538-neLjAZ4bNo
Last Modified: 2023-09-25 05:30:55+00:00
Latest version: True
--------
--------
--------
--------
--------
--------
--------
--------
--------
--------
[DeleteMarkers]
*****************************
Key name: VersioningTestObjectFile.txt
Version Id: 001695443665138751741-r-3m2Y1RWI
Last Modified: 2023-09-23 04:34:25+00:00
Latest version: True
*****************************
Key name: VersioningTestObjectFile2.txt
Version Id: 001695443665142166830-oV6kwNOzSI
Last Modified: 2023-09-23 04:34:25+00:00
Latest version: True
*****************************
End of the execution.
