us-east-1
https://s3.us-east-1.wasabisys.com
Wasabi Object Storage Server version: WasabiS3/7.16.1979-2023-09-08-cd1d698b50 (head03)
Current Date: Fri, 10 Nov 2023 02:15:47 GMT
---------------------------
us-east-2
https://s3.us-east-2.wasabisys.com
Wasabi Object Storage Server version: WasabiS3/7.16.1950-2023-08-24-c6d9c0fd32 (head3)
Current Date: Fri, 10 Nov 2023 02:15:48 GMT
---------------------------
us-central-1
https://s3.us-central-1.wasabisys.com
Wasabi Object Storage Server version: WasabiS3/7.16.1950-2023-08-24-c6d9c0fd32 (head8)
Current Date: Fri, 10 Nov 2023 02:15:48 GMT
---------------------------
us-west-1
https://s3.us-west-1.wasabisys.com
Wasabi Object Storage Server version: WasabiS3/7.16.1950-2023-08-24-c6d9c0fd32 (head06)
Current Date: Fri, 10 Nov 2023 02:15:49 GMT
---------------------------
ca-central-1
https://s3.ca-central-1.wasabisys.com
Wasabi Object Storage Server version: WasabiS3/7.17.2709-2023-11-07-5e3fa07c12 (R201-U12)
Current Date: Fri, 10 Nov 2023 02:15:49 GMT
---------------------------
eu-central-1
https://s3.eu-central-1.wasabisys.com
Wasabi Object Storage Server version: WasabiS3/7.16.1950-2023-08-24-c6d9c0fd32 (head21)
Current Date: Fri, 10 Nov 2023 02:15:50 GMT
---------------------------
eu-central-2
https://s3.eu-central-2.wasabisys.com
Wasabi Object Storage Server version: WasabiS3/7.17.2709-2023-11-07-5e3fa07c12 (head2)
Current Date: Fri, 10 Nov 2023 02:15:51 GMT
---------------------------
eu-west-1
https://s3.eu-west-1.wasabisys.com
Wasabi Object Storage Server version: WasabiS3/7.17.2709-2023-11-07-5e3fa07c12 (R201-U38)
Current Date: Fri, 10 Nov 2023 02:16:08 GMT
---------------------------
eu-west-2
https://s3.eu-west-2.wasabisys.com
Wasabi Object Storage Server version: WasabiS3/7.17.2709-2023-11-07-5e3fa07c12 (head5)
Current Date: Fri, 10 Nov 2023 02:16:09 GMT
---------------------------
ap-northeast-1
https://s3.ap-northeast-1.wasabisys.com
Wasabi Object Storage Server version: WasabiS3/7.16.1950-2023-08-24-c6d9c0fd32 (head5)
Current Date: Fri, 10 Nov 2023 02:16:10 GMT
---------------------------
ap-northeast-2
https://s3.ap-northeast-2.wasabisys.com
Wasabi Object Storage Server version: WasabiS3/7.16.1950-2023-08-24-c6d9c0fd32 (head5)
Current Date: Fri, 10 Nov 2023 02:16:10 GMT
---------------------------
ap-southeast-1
https://s3.ap-southeast-1.wasabisys.com
Wasabi Object Storage Server version: WasabiS3/7.17.2706-2023-11-03-e8009f2169 (head3)
Current Date: Fri, 10 Nov 2023 02:16:11 GMT
---------------------------
ap-southeast-2
https://s3.ap-southeast-2.wasabisys.com
Wasabi Object Storage Server version: WasabiS3/7.17.2708-2023-11-06-9649f01149 (R107-U11)
Current Date: Fri, 10 Nov 2023 02:16:12 GMT
---------------------------
Done
